<?xml version="1.0" encoding="UTF-8"?>
<!-- Generated by org.testng.reporters.JUnitReportReporter -->
<testsuite hostname="Ashish" failures="0" tests="1" name="LoginTest" time="10.584" errors="0" timestamp="2023-12-14T14:02:02 IST" skipped="0">
  <testcase classname="LoginTest" name="Login" time="10.584"/>
  <system-out/>
</testsuite> <!-- LoginTest -->
